<?xml version="1.0" encoding="UTF-8"?>
<!-- Generated by org.testng.reporters.JUnitReportReporter -->
<testsuite hostname="Rupalis-MacBook-Pro.local" failures="0" tests="3" name="com.teladoc.qa.testcases.UserTest" time="1.584" errors="0" timestamp="2021-12-05T15:22:31 PST" skipped="0">
  <testcase classname="com.teladoc.qa.testcases.UserTest" name="addUserTest" time="1.237"/>
  <system-out/>
  <testcase classname="com.teladoc.qa.testcases.UserTest" name="verifyAddedUserTest" time="0.134"/>
  <system-out/>
  <testcase classname="com.teladoc.qa.testcases.UserTest" name="verifyDeleteUserTest" time="0.213"/>
  <system-out/>
</testsuite> <!-- com.teladoc.qa.testcases.UserTest -->
