<?xml version="1.0" encoding="UTF-8"?>
<!-- Generated by org.testng.reporters.JUnitReportReporter -->
<testsuite hostname="Rupalis-MacBook-Pro.local" failures="0" tests="1" name="com.teladoc.qa.testcases.AddUserTest" time="7.946" errors="0" timestamp="2021-11-19T23:11:38 PST" skipped="0">
  <testcase classname="com.teladoc.qa.testcases.AddUserTest" name="addUserTest" time="7.946"/>
  <system-out/>
</testsuite> <!-- com.teladoc.qa.testcases.AddUserTest -->
