<?xml version="1.0" encoding="UTF-8"?>
<!-- Generated by org.testng.reporters.JUnitReportReporter -->
<testsuite hostname="Rupalis-MacBook-Pro.local" failures="0" tests="3" name="com.teladoc.qa.testcases.UserTest" time="1.173" errors="0" timestamp="2021-11-21T21:09:20 PST" skipped="0">
  <testcase classname="com.teladoc.qa.testcases.UserTest" name="addUserTest" time="0.908"/>
  <system-out/>
  <testcase classname="com.teladoc.qa.testcases.UserTest" name="verifyAddedUserTest" time="0.107"/>
  <system-out/>
  <testcase classname="com.teladoc.qa.testcases.UserTest" name="verifyDeleteUserTest" time="0.158"/>
  <system-out/>
</testsuite> <!-- com.teladoc.qa.testcases.UserTest -->
