<?xml version="1.0" encoding="UTF-8"?>
<!-- Generated by org.testng.reporters.JUnitReportReporter -->
<testsuite hostname="Rupalis-MacBook-Pro.local" failures="0" tests="3" name="com.teladoc.qa.testcases.UserTest" time="1.255" errors="0" timestamp="2021-12-05T16:13:56 PST" skipped="0">
  <testcase classname="com.teladoc.qa.testcases.UserTest" name="addUserTest" time="1.012"/>
  <system-out/>
  <testcase classname="com.teladoc.qa.testcases.UserTest" name="verifyAddedUserTest" time="0.116"/>
  <system-out/>
  <testcase classname="com.teladoc.qa.testcases.UserTest" name="verifyDeleteUserTest" time="0.127"/>
  <system-out/>
</testsuite> <!-- com.teladoc.qa.testcases.UserTest -->
